<?xml version="1.0" encoding="UTF-8"?>
<testsuite name="Orange HRM Regression Test"
           tests="30"
           failures="0"
           errors="0"
           skipped="0"
           time="291.550">
  <properties />
  
  
            <testcase name="tc_009_validateSearch_ValidEmpName_InvalidEmpId" time="8.476" classname="testSuite.TC_OrangeHRM" />
                <testcase name="tc_025_ValidateAddEmployee_WithoutInput" time="8.630" classname="testSuite.TC_OrangeHRM" />
                <testcase name="tc_001_validateSearch_ValidEmpName" time="9.668" classname="testSuite.TC_OrangeHRM" />
                <testcase name="tc_007_validateSearch_EmpSubUnit" time="9.006" classname="testSuite.TC_OrangeHRM" />
                <testcase name="tc_019_validateSearch_InvalidEmpName_ValidEmpId_InvalidSupervisorName" time="9.473" classname="testSuite.TC_OrangeHRM" />
                <testcase name="tc_006_validateSearch_EmpJobTitle" time="9.604" classname="testSuite.TC_OrangeHRM" />
                <testcase name="tc_017_ValidateSearch_InvalidEmpName_InvalidEmpId_ValidSupervisorName" time="9.222" classname="testSuite.TC_OrangeHRM" />
                <testcase name="tc_018_validateSearch_ValidEmpName_InvalidEmpId_InvalidSupervisorName" time="9.405" classname="testSuite.TC_OrangeHRM" />
                <testcase name="tc_014_validateSearch_ValidEmpName_ValidEmpId_InvalidSupervisorName" time="9.303" classname="testSuite.TC_OrangeHRM" />
                <testcase name="tc_015_validateSearch_ValidEmpName_ValidEmpId_ValidSupervisorName" time="10.519" classname="testSuite.TC_OrangeHRM" />
                <testcase name="tc_030_ValidateAddEmployee_With_RepeatedUsernameInCreateLoginCredentails" time="19.339" classname="testSuite.TC_OrangeHRM" />
                <testcase name="tc_023_ValidateAddEmployee_Page" time="9.316" classname="testSuite.TC_OrangeHRM" />
                <testcase name="tc_003_validateSearch_ValidEmpId" time="9.235" classname="testSuite.TC_OrangeHRM" />
                <testcase name="tc_005_validateSearch_EmpStatus" time="9.167" classname="testSuite.TC_OrangeHRM" />
                <testcase name="tc_016_validateSearch_InvalidEmpName_ValidEmpId_ValidSupervisorName" time="9.506" classname="testSuite.TC_OrangeHRM" />
                <testcase name="tc_012_validateSearch_ValidSupervisorName" time="10.370" classname="testSuite.TC_OrangeHRM" />
                <testcase name="tc_004_validateSearch_InvalidEmpId" time="8.355" classname="testSuite.TC_OrangeHRM" />
                <testcase name="tc_020_validateSearch_InvalidEmpName_InvalidEmpId_InvalidSupervisorName" time="9.565" classname="testSuite.TC_OrangeHRM" />
                <testcase name="tc_021_validateSearch_ValidEmpName_InvalidEmpId_ValidSupervisorName" time="9.352" classname="testSuite.TC_OrangeHRM" />
                <testcase name="tc_024_ValidateAddEmployee_WithInput" time="10.784" classname="testSuite.TC_OrangeHRM" />
                <testcase name="tc_010_validateSearch_InvalidEmpName_ValidEmpId" time="9.208" classname="testSuite.TC_OrangeHRM" />
                <testcase name="tc_028_ValidateAddEmployee_WithInvalidCreateLoginCredentails" time="9.722" classname="testSuite.TC_OrangeHRM" />
                <testcase name="tc_027_ValidateAddEmployee_WithoutCreateLoginCredentails" time="9.063" classname="testSuite.TC_OrangeHRM" />
                <testcase name="tc_029_ValidateAddEmployee_Without_usernameInCreateLoginCredentails" time="9.188" classname="testSuite.TC_OrangeHRM" />
                <testcase name="tc_002_validateSearch_InvalidEmpName" time="8.190" classname="testSuite.TC_OrangeHRM" />
                <testcase name="tc_026_ValidateAddEmployee_WithCreateLoginCredentails" time="9.211" classname="testSuite.TC_OrangeHRM" />
                <testcase name="tc_011_validateSearch_InvalidEmpName_InValidEmpId" time="9.502" classname="testSuite.TC_OrangeHRM" />
                <testcase name="tc_022_validateSearch_NoInput" time="10.204" classname="testSuite.TC_OrangeHRM" />
                <testcase name="tc_008_validateSearch_ValidEmpName_ValidEmpId" time="9.854" classname="testSuite.TC_OrangeHRM" />
                <testcase name="tc_013_validateSearch_InvalidSupervisorName" time="9.113" classname="testSuite.TC_OrangeHRM" />
      
</testsuite>
