<?xml version="1.0" encoding="UTF-8"?>
<testsuite name="Orange HRM Regression Test"
           tests="10"
           failures="0"
           errors="0"
           skipped="0"
           time="104.070">
  <properties />
  
  
            <testcase name="validateSearchByAvailableCountry" time="10.578" classname="testSuite.TC_Admin_Organization" />
                <testcase name="validateNonMandatoryFields" time="10.776" classname="testSuite.TC_Admin_Organization" />
                <testcase name="validateCountOfEmployees" time="14.219" classname="testSuite.TC_Admin_Organization" />
                <testcase name="validateSearchByUnavailableLocationName" time="10.150" classname="testSuite.TC_Admin_Organization" />
                <testcase name="validateMandatoryFields" time="9.038" classname="testSuite.TC_Admin_Organization" />
                <testcase name="updatingGeneralInformation" time="10.567" classname="testSuite.TC_Admin_Organization" />
                <testcase name="validateSearchByAvailableLocationName" time="9.999" classname="testSuite.TC_Admin_Organization" />
                <testcase name="validateSearchByAvailableCityName" time="9.888" classname="testSuite.TC_Admin_Organization" />
                <testcase name="validateSearchByUnavailableCountry" time="9.079" classname="testSuite.TC_Admin_Organization" />
                <testcase name="validateSearchByUnavailableCityName" time="9.776" classname="testSuite.TC_Admin_Organization" />
      
</testsuite>
